<?xml version="1.0" encoding="UTF-8"?>
<!-- Generated by org.testng.reporters.JUnitReportReporter -->
<testsuite skipped="0" hostname="DESKTOP-HTUNN5J" name="tests.WDUDropdownsCheckbox" tests="1" failures="0" timestamp="23 Mar 2021 17:20:05 GMT" time="0.015" errors="0">
  <testcase name="addItemInToDoList" time="0.015" classname="tests.WDUDropdownsCheckbox"/>
</testsuite> <!-- tests.WDUDropdownsCheckbox -->
