<?xml version="1.0" encoding="UTF-8"?>
<!-- Generated by org.testng.reporters.JUnitReportReporter -->
<testsuite skipped="0" hostname="DESKTOP-HTUNN5J" name="tests.ValidateGoogleSearchResults" tests="1" failures="0" timestamp="22 Mar 2021 14:08:28 GMT" time="4.747" errors="0">
  <testcase name="GoogleSearchResults" time="4.747" classname="tests.ValidateGoogleSearchResults"/>
</testsuite> <!-- tests.ValidateGoogleSearchResults -->
