<?xml version="1.0" encoding="UTF-8"?>
<!-- Generated by org.testng.reporters.JUnitReportReporter -->
<testsuite skipped="0" hostname="DESKTOP-HTUNN5J" name="tests.WDUContactUsTest" tests="3" failures="0" timestamp="26 Mar 2021 09:06:49 GMT" time="11.139" errors="0">
  <testcase name="validateResetButton" time="3.406" classname="tests.WDUContactUsTest"/>
  <testcase name="validateContactUs" time="1.645" classname="tests.WDUContactUsTest"/>
  <testcase name="invalidContactUs" time="6.088" classname="tests.WDUContactUsTest"/>
</testsuite> <!-- tests.WDUContactUsTest -->
