<?xml version="1.0" encoding="UTF-8"?>
<!-- Generated by org.testng.reporters.JUnitReportReporter -->
<testsuite skipped="0" hostname="DESKTOP-HTUNN5J" name="tests.WDUFileUploadTest" tests="1" failures="0" timestamp="26 Mar 2021 09:06:49 GMT" time="3.251" errors="0">
  <testcase name="uploadFile" time="3.251" classname="tests.WDUFileUploadTest"/>
</testsuite> <!-- tests.WDUFileUploadTest -->
