<?xml version="1.0" encoding="UTF-8"?>
<!-- Generated by org.testng.reporters.JUnitReportReporter -->
<testsuite skipped="0" hostname="DESKTOP-HTUNN5J" name="tests.WDUFileUploadTest" tests="1" failures="0" timestamp="01 Apr 2021 11:47:56 GMT" time="0.618" errors="0">
  <testcase name="uploadFile" time="0.618" classname="tests.WDUFileUploadTest"/>
</testsuite> <!-- tests.WDUFileUploadTest -->
