<?xml version="1.0" encoding="UTF-8"?>
<!-- Generated by org.testng.reporters.JUnitReportReporter -->
<testsuite skipped="0" hostname="DESKTOP-HTUNN5J" name="zlatkoCVProekt.HomePage" tests="1" failures="0" timestamp="22 Mar 2021 10:41:32 GMT" time="3.766" errors="0">
  <testcase name="basePageNavigation" time="3.766" classname="zlatkoCVProekt.HomePage"/>
</testsuite> <!-- zlatkoCVProekt.HomePage -->
