<?xml version="1.0" encoding="UTF-8"?>
<!-- Generated by org.testng.reporters.JUnitReportReporter -->
<testsuite skipped="0" hostname="DESKTOP-HTUNN5J" name="tests.ValidateTextInGoogle" tests="1" failures="0" timestamp="26 Mar 2021 09:06:49 GMT" time="2.184" errors="0">
  <testcase name="GoogleSearchResults" time="2.184" classname="tests.ValidateTextInGoogle"/>
</testsuite> <!-- tests.ValidateTextInGoogle -->
