<?xml version="1.0" encoding="UTF-8"?>
<!-- Generated by org.testng.reporters.JUnitReportReporter -->
<testsuite skipped="0" hostname="DESKTOP-HTUNN5J" name="tests.WDUDatePickerTest" tests="1" failures="0" timestamp="01 Apr 2021 09:46:17 GMT" time="17.197" errors="0">
  <testcase name="chooseDate" time="17.197" classname="tests.WDUDatePickerTest"/>
</testsuite> <!-- tests.WDUDatePickerTest -->
