<?xml version="1.0" encoding="UTF-8"?>
<!-- Generated by org.testng.reporters.JUnitReportReporter -->
<testsuite skipped="0" hostname="DESKTOP-HTUNN5J" name="tests.WDUToDoListTest" tests="2" failures="0" timestamp="26 Mar 2021 09:06:49 GMT" time="14.084" errors="0">
  <testcase name="addItemInToDoList" time="3.418" classname="tests.WDUToDoListTest"/>
  <testcase name="deleteItemFromToDoList" time="10.666" classname="tests.WDUToDoListTest"/>
</testsuite> <!-- tests.WDUToDoListTest -->
