<?xml version="1.0" encoding="UTF-8"?>
<!-- Generated by org.testng.reporters.JUnitReportReporter -->
<testsuite skipped="0" hostname="DESKTOP-HTUNN5J" name="tests.WDUContactUsTest" tests="3" failures="0" timestamp="01 Apr 2021 09:46:17 GMT" time="7.720" errors="0">
  <testcase name="validateResetButton" time="1.000" classname="tests.WDUContactUsTest"/>
  <testcase name="validateContactUs" time="1.564" classname="tests.WDUContactUsTest"/>
  <testcase name="invalidContactUs" time="5.156" classname="tests.WDUContactUsTest"/>
</testsuite> <!-- tests.WDUContactUsTest -->
