<?xml version="1.0" encoding="UTF-8"?>
<!-- Generated by org.testng.reporters.JUnitReportReporter -->
<testsuite skipped="0" hostname="DESKTOP-HTUNN5J" name="tests.WDUDropdownsTest" tests="4" failures="0" timestamp="26 Mar 2021 09:06:49 GMT" time="4.444" errors="0">
  <testcase name="validateDropdown" time="3.624" classname="tests.WDUDropdownsTest"/>
  <testcase name="validateCheckboxes" time="0.407" classname="tests.WDUDropdownsTest"/>
  <testcase name="validateRadioButtons" time="0.383" classname="tests.WDUDropdownsTest"/>
  <testcase name="validateDisabledButton" time="0.030" classname="tests.WDUDropdownsTest"/>
</testsuite> <!-- tests.WDUDropdownsTest -->
