<?xml version="1.0" encoding="UTF-8"?>
<!-- Generated by org.testng.reporters.JUnitReportReporter -->
<testsuite skipped="0" hostname="DESKTOP-HTUNN5J" name="tests.WDUAutoCompleteTest" tests="1" failures="0" timestamp="01 Apr 2021 10:08:10 GMT" time="2.637" errors="0">
  <testcase name="validateAutoCompleteTextfield" time="2.637" classname="tests.WDUAutoCompleteTest"/>
</testsuite> <!-- tests.WDUAutoCompleteTest -->
