<?xml version="1.0" encoding="UTF-8"?>
<!-- Generated by org.testng.reporters.JUnitReportReporter -->
<testsuite skipped="0" hostname="DESKTOP-HTUNN5J" name="tests.WDUToDoListTest" tests="2" failures="0" timestamp="01 Apr 2021 09:46:17 GMT" time="11.642" errors="0">
  <testcase name="addItemInToDoList" time="0.931" classname="tests.WDUToDoListTest"/>
  <testcase name="deleteItemFromToDoList" time="10.711" classname="tests.WDUToDoListTest"/>
</testsuite> <!-- tests.WDUToDoListTest -->
