<?xml version="1.0" encoding="UTF-8"?>
<!-- Generated by org.testng.reporters.JUnitReportReporter -->
<testsuite skipped="0" hostname="DESKTOP-HTUNN5J" name="tests.WDUActionsTest" tests="3" failures="0" timestamp="26 Mar 2021 09:06:49 GMT" time="4.181" errors="0">
  <testcase name="verifyDragAndDrop" time="3.466" classname="tests.WDUActionsTest"/>
  <testcase name="verifyDoubleClick" time="0.160" classname="tests.WDUActionsTest"/>
  <testcase name="verifyHoverOver" time="0.555" classname="tests.WDUActionsTest"/>
</testsuite> <!-- tests.WDUActionsTest -->
