<?xml version="1.0" encoding="UTF-8"?>
<!-- Generated by org.testng.reporters.JUnitReportReporter -->
<testsuite skipped="0" hostname="DESKTOP-HTUNN5J" name="tests.WDUButtonsTest" tests="3" failures="0" timestamp="01 Apr 2021 09:46:17 GMT" time="0.933" errors="0">
  <testcase name="validateButtonOne" time="0.654" classname="tests.WDUButtonsTest"/>
  <testcase name="validateButtonTwoUsingJavascriptExecutor" time="0.069" classname="tests.WDUButtonsTest"/>
  <testcase name="validateButtonThreeUsingMouseAndKeyboard" time="0.210" classname="tests.WDUButtonsTest"/>
</testsuite> <!-- tests.WDUButtonsTest -->
