<?xml version="1.0" encoding="UTF-8"?>
<!-- Generated by org.testng.reporters.JUnitReportReporter -->
<testsuite skipped="0" hostname="DESKTOP-HTUNN5J" name="tests.WDUActionsTest" tests="3" failures="0" timestamp="01 Apr 2021 09:46:17 GMT" time="1.631" errors="0">
  <testcase name="verifyDragAndDrop" time="0.850" classname="tests.WDUActionsTest"/>
  <testcase name="verifyDoubleClick" time="0.206" classname="tests.WDUActionsTest"/>
  <testcase name="verifyHoverOver" time="0.575" classname="tests.WDUActionsTest"/>
</testsuite> <!-- tests.WDUActionsTest -->
