<?xml version="1.0" encoding="UTF-8"?>
<!-- Generated by org.testng.reporters.JUnitReportReporter -->
<testsuite skipped="0" hostname="DESKTOP-HTUNN5J" name="tests.WDUIframeTest" tests="1" failures="0" timestamp="26 Mar 2021 09:06:49 GMT" time="16.689" errors="0">
  <testcase name="handleIframe" time="16.689" classname="tests.WDUIframeTest"/>
</testsuite> <!-- tests.WDUIframeTest -->
