<?xml version="1.0" encoding="UTF-8"?>
<!-- Generated by org.testng.reporters.JUnitReportReporter -->
<testsuite skipped="0" hostname="DESKTOP-HTUNN5J" name="tests.WDUButtonsTest" tests="3" failures="0" timestamp="26 Mar 2021 09:06:49 GMT" time="3.648" errors="0">
  <testcase name="validateButtonOne" time="3.381" classname="tests.WDUButtonsTest"/>
  <testcase name="validateButtonTwoUsingJavascriptExecutor" time="0.073" classname="tests.WDUButtonsTest"/>
  <testcase name="validateButtonThreeUsingMouseAndKeyboard" time="0.194" classname="tests.WDUButtonsTest"/>
</testsuite> <!-- tests.WDUButtonsTest -->
