<?xml version="1.0" encoding="UTF-8"?>
<!-- Generated by org.testng.reporters.JUnitReportReporter -->
<testsuite skipped="0" hostname="DESKTOP-HTUNN5J" name="tests.ValidateTextInGoogle" tests="1" failures="0" timestamp="01 Apr 2021 10:13:47 GMT" time="2.585" errors="0">
  <testcase name="GoogleSearchResults" time="2.585" classname="tests.ValidateTextInGoogle"/>
</testsuite> <!-- tests.ValidateTextInGoogle -->
