<?xml version="1.0" encoding="UTF-8"?>
<!-- Generated by org.testng.reporters.JUnitReportReporter -->
<testsuite skipped="0" hostname="DESKTOP-HTUNN5J" name="tests.WDUFileUploadTest" tests="1" failures="0" timestamp="2021-03-25T18:27:56 CET" time="3.354" errors="0">
  <testcase name="uploadFile" time="3.354" classname="tests.WDUFileUploadTest"/>
  <system-out/>
</testsuite> <!-- tests.WDUFileUploadTest -->
