<?xml version="1.0" encoding="UTF-8"?>
<!-- Generated by org.testng.reporters.JUnitReportReporter -->
<testsuite skipped="0" hostname="DESKTOP-HTUNN5J" name="tests.WDUButtonsTest" tests="3" failures="0" timestamp="2021-03-25T18:27:56 CET" time="3.653" errors="0">
  <testcase name="validateButtonOne" time="3.381" classname="tests.WDUButtonsTest"/>
  <system-out/>
  <testcase name="validateButtonTwoUsingJavascriptExecutor" time="0.078" classname="tests.WDUButtonsTest"/>
  <system-out/>
  <testcase name="validateButtonThreeUsingMouseAndKeyboard" time="0.194" classname="tests.WDUButtonsTest"/>
  <system-out/>
</testsuite> <!-- tests.WDUButtonsTest -->
