<?xml version="1.0" encoding="UTF-8"?>
<!-- Generated by org.testng.reporters.JUnitReportReporter -->
<testsuite skipped="0" hostname="DESKTOP-HTUNN5J" name="tests.WDUActionsTest" tests="3" failures="0" timestamp="2021-03-25T18:27:56 CET" time="4.196" errors="0">
  <testcase name="verifyDragAndDrop" time="3.476" classname="tests.WDUActionsTest"/>
  <system-out/>
  <testcase name="verifyDoubleClick" time="0.156" classname="tests.WDUActionsTest"/>
  <system-out/>
  <testcase name="verifyHoverOver" time="0.564" classname="tests.WDUActionsTest"/>
  <system-out/>
</testsuite> <!-- tests.WDUActionsTest -->
