<?xml version="1.0" encoding="UTF-8"?>
<!-- Generated by org.testng.reporters.JUnitReportReporter -->
<testsuite skipped="0" hostname="DESKTOP-HTUNN5J" name="tests.ValidateTextInGoogle" tests="1" failures="0" timestamp="2021-03-25T18:27:56 CET" time="3.284" errors="0">
  <testcase name="GoogleSearchResults" time="3.284" classname="tests.ValidateTextInGoogle"/>
  <system-out/>
</testsuite> <!-- tests.ValidateTextInGoogle -->
