<?xml version="1.0" encoding="UTF-8"?>
<!-- Generated by org.testng.reporters.JUnitReportReporter -->
<testsuite skipped="0" hostname="DESKTOP-HTUNN5J" name="tests.WDUDropdownsTest" tests="4" failures="0" timestamp="2021-03-25T18:27:56 CET" time="4.470" errors="0">
  <testcase name="validateDropdown" time="3.672" classname="tests.WDUDropdownsTest"/>
  <system-out/>
  <testcase name="validateCheckboxes" time="0.352" classname="tests.WDUDropdownsTest"/>
  <system-out/>
  <testcase name="validateRadioButtons" time="0.426" classname="tests.WDUDropdownsTest"/>
  <system-out/>
  <testcase name="validateDisabledButton" time="0.020" classname="tests.WDUDropdownsTest"/>
  <system-out/>
</testsuite> <!-- tests.WDUDropdownsTest -->
