<?xml version="1.0" encoding="UTF-8"?>
<!-- Generated by org.testng.reporters.JUnitReportReporter -->
<testsuite skipped="0" hostname="DESKTOP-HTUNN5J" name="tests.WDUToDoListTest" tests="2" failures="0" timestamp="2021-03-25T18:27:56 CET" time="14.118" errors="0">
  <testcase name="addItemInToDoList" time="3.425" classname="tests.WDUToDoListTest"/>
  <system-out/>
  <testcase name="deleteItemFromToDoList" time="10.693" classname="tests.WDUToDoListTest"/>
  <system-out/>
</testsuite> <!-- tests.WDUToDoListTest -->
