<?xml version="1.0" encoding="UTF-8"?>
<!-- Generated by org.testng.reporters.JUnitReportReporter -->
<testsuite skipped="0" hostname="DESKTOP-HTUNN5J" name="tests.WDUAutocompleteTest" tests="1" failures="0" timestamp="2021-03-25T18:27:56 CET" time="5.596" errors="0">
  <testcase name="validateAutoCompleteTextfield" time="5.596" classname="tests.WDUAutocompleteTest"/>
  <system-out/>
</testsuite> <!-- tests.WDUAutocompleteTest -->
