<?xml version="1.0" encoding="UTF-8"?>
<!-- Generated by org.testng.reporters.JUnitReportReporter -->
<testsuite skipped="0" hostname="DESKTOP-HTUNN5J" name="tests.WDUContactUsTest" tests="3" failures="0" timestamp="2021-03-25T18:27:56 CET" time="11.713" errors="0">
  <testcase name="validateResetButton" time="3.587" classname="tests.WDUContactUsTest"/>
  <system-out/>
  <testcase name="validateContactUs" time="1.613" classname="tests.WDUContactUsTest"/>
  <system-out/>
  <testcase name="invalidContactUs" time="6.513" classname="tests.WDUContactUsTest"/>
  <system-out/>
</testsuite> <!-- tests.WDUContactUsTest -->
